<?xml version="1.0" encoding="UTF-8"?>
<testng-results ignored="0" total="1" passed="1" failed="0" skipped="0">
  <reporter-output>
  </reporter-output>
  <suite started-at="2022-04-01T03:52:05Z" name="Default suite" finished-at="2022-04-01T03:52:14Z" duration-ms="8785">
    <groups>
    </groups>
    <test started-at="2022-04-01T03:52:05Z" name="Default test" finished-at="2022-04-01T03:52:14Z" duration-ms="8785">
      <class name="test.TestSel">
        <test-method signature="selenium_test01()[pri:0, instance:test.TestSel@16b2bb0c]" started-at="2022-03-31T23:52:05Z" name="selenium_test01" finished-at="2022-03-31T23:52:14Z" duration-ms="8727" status="PASS">
          <reporter-output>
          </reporter-output>
        </test-method> <!-- selenium_test01 -->
      </class> <!-- test.TestSel -->
    </test> <!-- Default test -->
  </suite> <!-- Default suite -->
</testng-results>
